#
# A fatal error has been detected by the Java Runtime Environment:
#
#  EXCEPTION_ACCESS_VIOLATION (0xc0000005) at pc=0x0000000060dd2a37, pid=23964, tid=0x00000000000061b0
#
# JRE version: Java(TM) SE Runtime Environment (8.0_92-b14) (build 1.8.0_92-b14)
# Java VM: Java HotSpot(TM) 64-Bit Server VM (25.92-b14 mixed mode windows-amd64 compressed oops)
# Problematic frame:
# V  [jvm.dll+0x212a37]
#
# Failed to write core dump. Minidumps are not enabled by default on client versions of Windows
#
# If you would like to submit a bug report, please visit:
#   http://bugreport.java.com/bugreport/crash.jsp
#

---------------  T H R E A D  ---------------

Current thread (0x000000001d1b1000):  JavaThread "stderr" [_thread_in_vm, id=25008, stack(0x000000003d390000,0x000000003d490000)]

siginfo: ExceptionCode=0xc0000005, writing address 0x000000003d4890f0

Registers:
RAX=0x000000003d4890f0, RBX=0x0000000000000007, RCX=0x0000000000006000, RDX=0x0000000000000006
RSP=0x000000003d48f0f0, RBP=0x0000000000000000, RSI=0x000000003d48f0f0, RDI=0x0000000000000007
R8 =0x0000000000000006, R9 =0x000000001f23cd30, R10=0x00000000275cacb8, R11=0x000000003d39a188
R12=0x000000001f23cd30, R13=0x000000001d1b1000, R14=0x000000003d48f1b8, R15=0x00000000275cacb8
RIP=0x0000000060dd2a37, EFLAGS=0x0000000000010206

Top of Stack: (sp=0x000000003d48f0f0)
0x000000003d48f0f0:   000000000000000f 00007ff857c9caf8
0x000000003d48f100:   000000001d1b1000 000000001f23cd30
0x000000003d48f110:   00000000ffffffff 0000000060dd3967
0x000000003d48f120:   000000003d48f220 00000000275cacb8
0x000000003d48f130:   000000001d1b1000 0000000060c7fd93
0x000000003d48f140:   000000003d48f180 000000001d1b1000
0x000000003d48f150:   000000003d48f210 000000001d1b1000
0x000000003d48f160:   00000000275cacb8 000000001d1b1000
0x000000003d48f170:   0000000002423200 000000001d1b1000
0x000000003d48f180:   00000000275cacb8 000000001d1b1000
0x000000003d48f190:   000000001540d400 000000001d1b1000
0x000000003d48f1a0:   0000000000000001 00000000275cacb8
0x000000003d48f1b0:   000000001d1b1000 000000001d320fb0
0x000000003d48f1c0:   000000001d1b1000 0000000060c8127d
0x000000003d48f1d0:   000000003d48f4d8 00000001000069a0
0x000000003d48f1e0:   0000000100f47668 0000000000002000 

Instructions: (pc=0x0000000060dd2a37)
0x0000000060dd2a17:   48 89 6c 24 30 33 ed 66 90 e8 cb 38 08 00 ff c3
0x0000000060dd2a27:   48 63 c8 48 8b c6 48 0f af cf 48 ff c7 48 2b c1
0x0000000060dd2a37:   89 28 48 63 c3 48 3b 05 7d dc 58 00 7e db 48 8b
0x0000000060dd2a47:   6c 24 30 48 8b 5c 24 38 48 8b 74 24 40 48 83 c4 


Register to memory mapping:

RAX=0x000000003d4890f0 is pointing into the stack for thread: 0x000000001d1b1000
RBX=0x0000000000000007 is an unknown value
RCX=0x0000000000006000 is an unknown value
RDX=0x0000000000000006 is an unknown value
RSP=0x000000003d48f0f0 is pointing into the stack for thread: 0x000000001d1b1000
RBP=0x0000000000000000 is an unknown value
RSI=0x000000003d48f0f0 is pointing into the stack for thread: 0x000000001d1b1000
RDI=0x0000000000000007 is an unknown value
R8 =0x0000000000000006 is an unknown value
R9 =0x000000001f23cd30 is an unknown value
R10={method} {0x00000000275cacc0} 'run' '()V' in 'com/android/utils/GrabProcessOutput$1'
R11=0x000000003d39a188 is pointing into the stack for thread: 0x000000001d1b1000
R12=0x000000001f23cd30 is an unknown value
R13=0x000000001d1b1000 is a thread
R14=0x000000003d48f1b8 is pointing into the stack for thread: 0x000000001d1b1000
R15={method} {0x00000000275cacc0} 'run' '()V' in 'com/android/utils/GrabProcessOutput$1'


Stack: [0x000000003d390000,0x000000003d490000],  sp=0x000000003d48f0f0,  free space=1020k
Native frames: (J=compiled Java code, j=interpreted, Vv=VM code, C=native code)


---------------  P R O C E S S  ---------------

Java Threads: ( => current thread )
  0x000000001d1af000 JavaThread "stdout" [_thread_blocked, id=22204, stack(0x000000003d490000,0x000000003d590000)]
=>0x000000001d1b1000 JavaThread "stderr" [_thread_in_vm, id=25008, stack(0x000000003d390000,0x000000003d490000)]
  0x000000001d1ac000 JavaThread "stdout" [_thread_in_native, id=3428, stack(0x000000003d290000,0x000000003d390000)]
  0x000000001d1a9800 JavaThread "stderr" [_thread_in_native, id=16388, stack(0x000000003d190000,0x000000003d290000)]
  0x000000001d1af800 JavaThread "stdout" [_thread_in_native, id=22964, stack(0x000000003d090000,0x000000003d190000)]
  0x000000001d1b0800 JavaThread "stderr" [_thread_in_native, id=16224, stack(0x000000003cf90000,0x000000003d090000)]
  0x000000001d1ad800 JavaThread "stdout" [_thread_in_native, id=24720, stack(0x000000003cc90000,0x000000003cd90000)]
  0x0000000018f82000 JavaThread "stderr" [_thread_blocked, id=18416, stack(0x000000003cb90000,0x000000003cc90000)]
  0x0000000018f81000 JavaThread "pool-42-thread-1" [_thread_blocked, id=13320, stack(0x000000003ca90000,0x000000003cb90000)]
  0x0000000018f7f000 JavaThread "WorkerExecutor Queue Thread 4" [_thread_blocked, id=14512, stack(0x000000003c990000,0x000000003ca90000)]
  0x0000000018f7f800 JavaThread "WorkerExecutor Queue Thread 3" [_thread_blocked, id=20340, stack(0x000000003c890000,0x000000003c990000)]
  0x0000000018f7e000 JavaThread "WorkerExecutor Queue Thread 2" [_thread_blocked, id=17152, stack(0x000000003c790000,0x000000003c890000)]
  0x000000001b765000 JavaThread "WorkerExecutor Queue" [_thread_blocked, id=24540, stack(0x000000003c690000,0x000000003c790000)]
  0x000000001b764800 JavaThread "Cache worker for execution history cache (C:\Users\jonat\Pro\Dev\Test\TestJitpakt\.gradle\5.4.1\executionHistory)" [_thread_blocked, id=23440, stack(0x000000003c590000,0x000000003c690000)]
  0x000000001b762000 JavaThread "Execution worker for ':' Thread 3" [_thread_blocked, id=25396, stack(0x000000003c490000,0x000000003c590000)]
  0x000000001b763000 JavaThread "Execution worker for ':' Thread 2" [_thread_blocked, id=24172, stack(0x000000003c390000,0x000000003c490000)]
  0x000000001b761800 JavaThread "Execution worker for ':'" [_thread_blocked, id=23044, stack(0x000000003c290000,0x000000003c390000)]
  0x000000001b760800 JavaThread "Cache worker for file content cache (C:\Users\jonat\Pro\Dev\Test\TestJitpakt\.gradle\5.4.1\fileContent)" [_thread_blocked, id=8316, stack(0x000000003c190000,0x000000003c290000)]
  0x000000001b75b800 JavaThread "Cache worker for file content cache (C:\Users\jonat\.gradle\caches\5.4.1\fileContent)" [_thread_blocked, id=19952, stack(0x000000003c090000,0x000000003c190000)]
  0x000000001b757800 JavaThread "Cache worker for Build Output Cleanup Cache (C:\Users\jonat\Pro\Dev\Test\TestJitpakt\.gradle\buildOutputCleanup)" [_thread_blocked, id=21412, stack(0x000000003bf90000,0x000000003c090000)]
  0x000000001b759000 JavaThread "Build operations Thread 4" [_thread_blocked, id=22388, stack(0x000000003be90000,0x000000003bf90000)]
  0x000000001b75e800 JavaThread "Build operations Thread 3" [_thread_blocked, id=19652, stack(0x000000003bd90000,0x000000003be90000)]
  0x000000001b758800 JavaThread "Build operations Thread 2" [_thread_blocked, id=5516, stack(0x000000003bc90000,0x000000003bd90000)]
  0x000000001b757000 JavaThread "Build operations" [_thread_blocked, id=5028, stack(0x000000003bb90000,0x000000003bc90000)]
  0x000000001b75d800 JavaThread "Cache worker for cache directory md-rule (C:\Users\jonat\.gradle\caches\5.4.1\md-rule)" [_thread_blocked, id=18412, stack(0x000000003ba90000,0x000000003bb90000)]
  0x000000001e50f800 JavaThread "Cache worker for cache directory md-supplier (C:\Users\jonat\.gradle\caches\5.4.1\md-supplier)" [_thread_blocked, id=20668, stack(0x000000003b990000,0x000000003ba90000)]
  0x000000001e50e800 JavaThread "Cache worker for file hash cache (C:\Users\jonat\Pro\Dev\Test\TestJitpakt\.gradle\5.4.1\fileHashes)" [_thread_blocked, id=14052, stack(0x000000003b890000,0x000000003b990000)]
  0x000000001e50e000 JavaThread "Thread-323" [_thread_blocked, id=10612, stack(0x000000003b790000,0x000000003b890000)]
  0x000000001e50a000 JavaThread "Stdin handler" [_thread_blocked, id=20956, stack(0x000000003b690000,0x000000003b790000)]
  0x000000001e50d000 JavaThread "Asynchronous log dispatcher for DefaultDaemonConnection: socket connection from /127.0.0.1:62888 to /127.0.0.1:63857" [_thread_blocked, id=23784, stack(0x000000003b590000,0x000000003b690000)]
  0x000000001e50c800 JavaThread "Cancel handler" [_thread_blocked, id=22492, stack(0x000000003b490000,0x000000003b590000)]
  0x000000001e509800 JavaThread "Handler for socket connection from /127.0.0.1:62888 to /127.0.0.1:63857" [_thread_in_native, id=22104, stack(0x000000003b390000,0x000000003b490000)]
  0x000000001e50b800 JavaThread "Daemon worker Thread 6" [_thread_blocked, id=24204, stack(0x0000000039490000,0x0000000039590000)]
  0x000000001e50b000 JavaThread "Daemon Thread 6" [_thread_blocked, id=19124, stack(0x0000000039190000,0x0000000039290000)]
  0x000000001e510000 JavaThread "Memory manager" [_thread_blocked, id=16120, stack(0x0000000023180000,0x0000000023280000)]
  0x0000000018f80800 JavaThread "Cache worker for execution history cache (C:\Users\jonat\.gradle\caches\5.4.1\executionHistory)" [_thread_blocked, id=19180, stack(0x000000001f840000,0x000000001f940000)]
  0x0000000018f84000 JavaThread "Cache worker for journal cache (C:\Users\jonat\.gradle\caches\journal-1)" [_thread_blocked, id=4204, stack(0x000000001a980000,0x000000001aa80000)]
  0x0000000018f7d000 JavaThread "File lock request listener" [_thread_in_native, id=12352, stack(0x000000001a880000,0x000000001a980000)]
  0x0000000018f83800 JavaThread "Cache worker for file hash cache (C:\Users\jonat\.gradle\caches\5.4.1\fileHashes)" [_thread_blocked, id=23760, stack(0x000000001a780000,0x000000001a880000)]
  0x0000000018f38800 JavaThread "Daemon periodic checks" [_thread_blocked, id=3872, stack(0x0000000019d80000,0x0000000019e80000)]
  0x00000000189c0000 JavaThread "Incoming local TCP Connector on port 62888" [_thread_in_native, id=22464, stack(0x0000000019b10000,0x0000000019c10000)]
  0x00000000186f1800 JavaThread "Daemon health stats" [_thread_blocked, id=6760, stack(0x00000000194d0000,0x00000000195d0000)]
  0x0000000017731000 JavaThread "Service Thread" daemon [_thread_blocked, id=21004, stack(0x0000000017b00000,0x0000000017c00000)]
  0x0000000015d8b800 JavaThread "C1 CompilerThread2" daemon [_thread_blocked, id=22476, stack(0x0000000017600000,0x0000000017700000)]
  0x0000000015d83000 JavaThread "C2 CompilerThread1" daemon [_thread_blocked, id=5000, stack(0x0000000017500000,0x0000000017600000)]
  0x0000000015d80800 JavaThread "C2 CompilerThread0" daemon [_thread_blocked, id=24924, stack(0x0000000017400000,0x0000000017500000)]
  0x0000000015d7f000 JavaThread "Attach Listener" daemon [_thread_blocked, id=20968, stack(0x0000000017300000,0x0000000017400000)]
  0x0000000015d7e000 JavaThread "Signal Dispatcher" daemon [_thread_blocked, id=24920, stack(0x0000000017200000,0x0000000017300000)]
  0x000000000231c800 JavaThread "Finalizer" daemon [_thread_blocked, id=14732, stack(0x0000000016fe0000,0x00000000170e0000)]
  0x0000000015d49000 JavaThread "Reference Handler" daemon [_thread_blocked, id=24712, stack(0x0000000016ee0000,0x0000000016fe0000)]
  0x000000000096e800 JavaThread "main" [_thread_blocked, id=24164, stack(0x0000000000970000,0x0000000000a70000)]

Other Threads:
  0x0000000015d47800 VMThread [stack: 0x0000000016de0000,0x0000000016ee0000] [id=20688]
  0x0000000017740800 WatcherThread [stack: 0x0000000017c00000,0x0000000017d00000] [id=25484]

VM state:synchronizing (normal execution)

VM Mutex/Monitor currently owned by a thread:  ([mutex/lock_event])
[0x000000000096d690] Threads_lock - owner thread: 0x0000000015d47800

Heap:
 PSYoungGen      total 465408K, used 122433K [0x00000000e0000000, 0x0000000100000000, 0x0000000100000000)
  eden space 406528K, 21% used [0x00000000e0000000,0x00000000e5526d08,0x00000000f8d00000)
  from space 58880K, 59% used [0x00000000f8d00000,0x00000000faf69778,0x00000000fc680000)
  to   space 58880K, 0% used [0x00000000fc680000,0x00000000fc680000,0x0000000100000000)
 ParOldGen       total 330752K, used 139051K [0x00000000a0000000, 0x00000000b4300000, 0x00000000e0000000)
  object space 330752K, 42% used [0x00000000a0000000,0x00000000a87caf68,0x00000000b4300000)
 Metaspace       used 104378K, capacity 115285K, committed 115544K, reserved 1148928K
  class space    used 13776K, capacity 15663K, committed 15744K, reserved 1048576K

Card table byte_map: [0x00000000117d0000,0x0000000011ae0000] byte_map_base: 0x00000000112d0000

Marking Bits: (ParMarkBitMap*) 0x00000000613d64f0
 Begin Bits: [0x00000000120e0000, 0x00000000138e0000)
 End Bits:   [0x00000000138e0000, 0x00000000150e0000)

Polling page: 0x00000000004f0000

CodeCache: size=245760Kb used=70868Kb max_used=70881Kb free=174891Kb
 bounds [0x0000000002410000, 0x00000000069b0000, 0x0000000011410000]
 total_blobs=19920 nmethods=19038 adapters=792
 compilation: enabled

Compilation events (10 events):
Event: 1108.426 Thread 0x0000000015d83000 23597   !   4       java.io.ObjectInputStream::readSerialData (367 bytes)
Event: 1108.427 Thread 0x0000000015d8b800 23601       3       java.util.HashMap::readObject (253 bytes)
Event: 1108.429 Thread 0x0000000015d8b800 nmethod 23601 0x000000000697e950 code [0x000000000697ed20, 0x0000000006980b58]
Event: 1108.438 Thread 0x0000000015d80800 nmethod 23596 0x0000000006974f10 code [0x00000000069750e0, 0x00000000069757d8]
Event: 1108.439 Thread 0x0000000015d80800 23599       4       java.io.ObjectStreamClass$FieldReflector::setObjFieldValues (248 bytes)
Event: 1108.445 Thread 0x0000000015d80800 nmethod 23599 0x0000000006976050 code [0x00000000069761a0, 0x0000000006976538]
Event: 1108.447 Thread 0x0000000015d80800 23598       4       java.io.ObjectInputStream::defaultReadFields (199 bytes)
Event: 1108.475 Thread 0x0000000015d80800 nmethod 23598 0x00000000069970d0 code [0x00000000069972c0, 0x00000000069983b0]
Event: 1108.477 Thread 0x0000000015d80800 23600   !   4       java.io.ObjectInputStream::readObject (124 bytes)
Event: 1108.483 Thread 0x0000000015d80800 nmethod 23600 0x0000000006968150 code [0x00000000069682e0, 0x0000000006968748]

GC Heap History (10 events):
Event: 195.190 GC heap before
{Heap before GC invocations=21 (full 4):
 PSYoungGen      total 482304K, used 19155K [0x00000000e0000000, 0x0000000100000000, 0x0000000100000000)
  eden space 440320K, 0% used [0x00000000e0000000,0x00000000e0000000,0x00000000fae00000)
  from space 41984K, 45% used [0x00000000fae00000,0x00000000fc0b4f20,0x00000000fd700000)
  to   space 39936K, 0% used [0x00000000fd900000,0x00000000fd900000,0x0000000100000000)
 ParOldGen       total 210944K, used 94317K [0x00000000a0000000, 0x00000000ace00000, 0x00000000e0000000)
  object space 210944K, 44% used [0x00000000a0000000,0x00000000a5c1b420,0x00000000ace00000)
 Metaspace       used 92195K, capacity 98215K, committed 98280K, reserved 1134592K
  class space    used 12102K, capacity 13119K, committed 13184K, reserved 1048576K
Event: 195.560 GC heap after
Heap after GC invocations=21 (full 4):
 PSYoungGen      total 482304K, used 0K [0x00000000e0000000, 0x0000000100000000, 0x0000000100000000)
  eden space 440320K, 0% used [0x00000000e0000000,0x00000000e0000000,0x00000000fae00000)
  from space 41984K, 0% used [0x00000000fae00000,0x00000000fae00000,0x00000000fd700000)
  to   space 39936K, 0% used [0x00000000fd900000,0x00000000fd900000,0x0000000100000000)
 ParOldGen       total 330752K, used 79507K [0x00000000a0000000, 0x00000000b4300000, 0x00000000e0000000)
  object space 330752K, 24% used [0x00000000a0000000,0x00000000a4da4df8,0x00000000b4300000)
 Metaspace       used 92105K, capacity 97991K, committed 98280K, reserved 1134592K
  class space    used 12076K, capacity 13087K, committed 13184K, reserved 1048576K
}
Event: 730.341 GC heap before
{Heap before GC invocations=22 (full 4):
 PSYoungGen      total 482304K, used 440320K [0x00000000e0000000, 0x0000000100000000, 0x0000000100000000)
  eden space 440320K, 100% used [0x00000000e0000000,0x00000000fae00000,0x00000000fae00000)
  from space 41984K, 0% used [0x00000000fae00000,0x00000000fae00000,0x00000000fd700000)
  to   space 39936K, 0% used [0x00000000fd900000,0x00000000fd900000,0x0000000100000000)
 ParOldGen       total 330752K, used 79507K [0x00000000a0000000, 0x00000000b4300000, 0x00000000e0000000)
  object space 330752K, 24% used [0x00000000a0000000,0x00000000a4da4df8,0x00000000b4300000)
 Metaspace       used 95251K, capacity 102485K, committed 102616K, reserved 1138688K
  class space    used 12488K, capacity 13728K, committed 13824K, reserved 1048576K
Event: 730.388 GC heap after
Heap after GC invocations=22 (full 4):
 PSYoungGen      total 479232K, used 23990K [0x00000000e0000000, 0x00000000ffd00000, 0x0000000100000000)
  eden space 442368K, 0% used [0x00000000e0000000,0x00000000e0000000,0x00000000fb000000)
  from space 36864K, 65% used [0x00000000fd900000,0x00000000ff06d8e8,0x00000000ffd00000)
  to   space 39424K, 0% used [0x00000000fb000000,0x00000000fb000000,0x00000000fd680000)
 ParOldGen       total 330752K, used 79507K [0x00000000a0000000, 0x00000000b4300000, 0x00000000e0000000)
  object space 330752K, 24% used [0x00000000a0000000,0x00000000a4da4df8,0x00000000b4300000)
 Metaspace       used 95251K, capacity 102485K, committed 102616K, reserved 1138688K
  class space    used 12488K, capacity 13728K, committed 13824K, reserved 1048576K
}
Event: 963.893 GC heap before
{Heap before GC invocations=23 (full 4):
 PSYoungGen      total 479232K, used 466358K [0x00000000e0000000, 0x00000000ffd00000, 0x0000000100000000)
  eden space 442368K, 100% used [0x00000000e0000000,0x00000000fb000000,0x00000000fb000000)
  from space 36864K, 65% used [0x00000000fd900000,0x00000000ff06d8e8,0x00000000ffd00000)
  to   space 39424K, 0% used [0x00000000fb000000,0x00000000fb000000,0x00000000fd680000)
 ParOldGen       total 330752K, used 79507K [0x00000000a0000000, 0x00000000b4300000, 0x00000000e0000000)
  object space 330752K, 24% used [0x00000000a0000000,0x00000000a4da4df8,0x00000000b4300000)
 Metaspace       used 98765K, capacity 108335K, committed 108504K, reserved 1142784K
  class space    used 13090K, capacity 14782K, committed 14848K, reserved 1048576K
Event: 963.979 GC heap after
Heap after GC invocations=23 (full 4):
 PSYoungGen      total 481792K, used 39410K [0x00000000e0000000, 0x0000000100000000, 0x0000000100000000)
  eden space 442368K, 0% used [0x00000000e0000000,0x00000000e0000000,0x00000000fb000000)
  from space 39424K, 99% used [0x00000000fb000000,0x00000000fd67cb90,0x00000000fd680000)
  to   space 42496K, 0% used [0x00000000fd680000,0x00000000fd680000,0x0000000100000000)
 ParOldGen       total 330752K, used 88746K [0x00000000a0000000, 0x00000000b4300000, 0x00000000e0000000)
  object space 330752K, 26% used [0x00000000a0000000,0x00000000a56aa808,0x00000000b4300000)
 Metaspace       used 98765K, capacity 108335K, committed 108504K, reserved 1142784K
  class space    used 13090K, capacity 14782K, committed 14848K, reserved 1048576K
}
Event: 1090.279 GC heap before
{Heap before GC invocations=24 (full 4):
 PSYoungGen      total 481792K, used 481778K [0x00000000e0000000, 0x0000000100000000, 0x0000000100000000)
  eden space 442368K, 100% used [0x00000000e0000000,0x00000000fb000000,0x00000000fb000000)
  from space 39424K, 99% used [0x00000000fb000000,0x00000000fd67cb90,0x00000000fd680000)
  to   space 42496K, 0% used [0x00000000fd680000,0x00000000fd680000,0x0000000100000000)
 ParOldGen       total 330752K, used 88746K [0x00000000a0000000, 0x00000000b4300000, 0x00000000e0000000)
  object space 330752K, 26% used [0x00000000a0000000,0x00000000a56aa808,0x00000000b4300000)
 Metaspace       used 101365K, capacity 112035K, committed 112344K, reserved 1146880K
  class space    used 13439K, capacity 15282K, committed 15360K, reserved 1048576K
Event: 1090.351 GC heap after
Heap after GC invocations=24 (full 4):
 PSYoungGen      total 449024K, used 42466K [0x00000000e0000000, 0x0000000100000000, 0x0000000100000000)
  eden space 406528K, 0% used [0x00000000e0000000,0x00000000e0000000,0x00000000f8d00000)
  from space 42496K, 99% used [0x00000000fd680000,0x00000000ffff8ba0,0x0000000100000000)
  to   space 58880K, 0% used [0x00000000f8d00000,0x00000000f8d00000,0x00000000fc680000)
 ParOldGen       total 330752K, used 105562K [0x00000000a0000000, 0x00000000b4300000, 0x00000000e0000000)
  object space 330752K, 31% used [0x00000000a0000000,0x00000000a6716980,0x00000000b4300000)
 Metaspace       used 101365K, capacity 112035K, committed 112344K, reserved 1146880K
  class space    used 13439K, capacity 15282K, committed 15360K, reserved 1048576K
}
Event: 1105.084 GC heap before
{Heap before GC invocations=25 (full 4):
 PSYoungGen      total 449024K, used 448994K [0x00000000e0000000, 0x0000000100000000, 0x0000000100000000)
  eden space 406528K, 100% used [0x00000000e0000000,0x00000000f8d00000,0x00000000f8d00000)
  from space 42496K, 99% used [0x00000000fd680000,0x00000000ffff8ba0,0x0000000100000000)
  to   space 58880K, 0% used [0x00000000f8d00000,0x00000000f8d00000,0x00000000fc680000)
 ParOldGen       total 330752K, used 105562K [0x00000000a0000000, 0x00000000b4300000, 0x00000000e0000000)
  object space 330752K, 31% used [0x00000000a0000000,0x00000000a6716980,0x00000000b4300000)
 Metaspace       used 103808K, capacity 114729K, committed 115032K, reserved 1148928K
  class space    used 13720K, capacity 15619K, committed 15744K, reserved 1048576K
Event: 1105.215 GC heap after
Heap after GC invocations=25 (full 4):
 PSYoungGen      total 465408K, used 35237K [0x00000000e0000000, 0x0000000100000000, 0x0000000100000000)
  eden space 406528K, 0% used [0x00000000e0000000,0x00000000e0000000,0x00000000f8d00000)
  from space 58880K, 59% used [0x00000000f8d00000,0x00000000faf69778,0x00000000fc680000)
  to   space 58880K, 0% used [0x00000000fc680000,0x00000000fc680000,0x0000000100000000)
 ParOldGen       total 330752K, used 139051K [0x00000000a0000000, 0x00000000b4300000, 0x00000000e0000000)
  object space 330752K, 42% used [0x00000000a0000000,0x00000000a87caf68,0x00000000b4300000)
 Metaspace       used 103808K, capacity 114729K, committed 115032K, reserved 1148928K
  class space    used 13720K, capacity 15619K, committed 15744K, reserved 1048576K
}

Deoptimization events (10 events):
Event: 1107.218 Thread 0x000000001e50b800 Uncommon trap: reason=class_check action=maybe_recompile pc=0x000000000523ba80 method=com.sun.org.apache.xerces.internal.dom.NamedNodeMapImpl.item(I)Lorg/w3c/dom/Node; @ 33
Event: 1107.218 Thread 0x000000001e50b800 Uncommon trap: reason=class_check action=maybe_recompile pc=0x00000000069535c8 method=com.sun.org.apache.xerces.internal.dom.NamedNodeMapImpl.item(I)Lorg/w3c/dom/Node; @ 33
Event: 1107.218 Thread 0x000000001e50b800 Uncommon trap: reason=class_check action=maybe_recompile pc=0x00000000069535dc method=com.sun.org.apache.xerces.internal.dom.NamedNodeMapImpl.item(I)Lorg/w3c/dom/Node; @ 33
Event: 1107.218 Thread 0x000000001e50b800 Uncommon trap: reason=class_check action=maybe_recompile pc=0x000000000523ba80 method=com.sun.org.apache.xerces.internal.dom.NamedNodeMapImpl.item(I)Lorg/w3c/dom/Node; @ 33
Event: 1107.222 Thread 0x000000001e50b800 Uncommon trap: reason=unstable_if action=reinterpret pc=0x0000000006858ba8 method=com.android.utils.XmlUtils.toXmlAttributeValue(Ljava/lang/String;)Ljava/lang/String; @ 33
Event: 1107.326 Thread 0x000000001e50b800 Uncommon trap: reason=unstable_if action=reinterpret pc=0x00000000050e1104 method=java.io.ObjectStreamClass.writeNonProxy(Ljava/io/ObjectOutputStream;)V @ 77
Event: 1107.830 Thread 0x0000000018f82000 Uncommon trap: reason=speculate_class_check action=maybe_recompile pc=0x00000000061485d4 method=java.nio.charset.CharsetDecoder.decode(Ljava/nio/ByteBuffer;Ljava/nio/CharBuffer;Z)Ljava/nio/charset/CoderResult; @ 57
Event: 1107.830 Thread 0x000000001d1ad800 Uncommon trap: reason=speculate_class_check action=maybe_recompile pc=0x00000000061485d4 method=java.nio.charset.CharsetDecoder.decode(Ljava/nio/ByteBuffer;Ljava/nio/CharBuffer;Z)Ljava/nio/charset/CoderResult; @ 57
Event: 1107.938 Thread 0x000000001d1af000 Uncommon trap: reason=speculate_class_check action=maybe_recompile pc=0x00000000061485d4 method=java.nio.charset.CharsetDecoder.decode(Ljava/nio/ByteBuffer;Ljava/nio/CharBuffer;Z)Ljava/nio/charset/CoderResult; @ 57
Event: 1107.938 Thread 0x000000001d1ae000 Uncommon trap: reason=speculate_class_check action=maybe_recompile pc=0x00000000061485d4 method=java.nio.charset.CharsetDecoder.decode(Ljava/nio/ByteBuffer;Ljava/nio/CharBuffer;Z)Ljava/nio/charset/CoderResult; @ 57

Internal exceptions (10 events):
Event: 1103.947 Thread 0x000000001b75e800 Exception <a 'sun/nio/fs/WindowsException'> (0x00000000f0f03478) thrown at [D:\re\workspace\8-2-build-windows-amd64-cygwin\jdk8u92\6642\hotspot\src\share\vm\prims\jni.cpp, line 709]
Event: 1103.949 Thread 0x000000001b75e800 Exception <a 'sun/nio/fs/WindowsException'> (0x00000000f0f08a48) thrown at [D:\re\workspace\8-2-build-windows-amd64-cygwin\jdk8u92\6642\hotspot\src\share\vm\prims\jni.cpp, line 709]
Event: 1105.616 Thread 0x000000001e50b800 Implicit null exception at 0x00000000067be76b to 0x00000000067bed02
Event: 1105.828 Thread 0x000000001e50b800 Implicit null exception at 0x00000000045a4757 to 0x00000000045a4aa5
Event: 1107.304 Thread 0x000000001e50b800 Exception <a 'java/lang/NoSuchMethodError': <clinit>> (0x00000000e311cac0) thrown at [D:\re\workspace\8-2-build-windows-amd64-cygwin\jdk8u92\6642\hotspot\src\share\vm\prims\jni.cpp, line 1613]
Event: 1107.326 Thread 0x000000001e50b800 Exception <a 'java/lang/NoSuchMethodError': <clinit>> (0x00000000e313ccc0) thrown at [D:\re\workspace\8-2-build-windows-amd64-cygwin\jdk8u92\6642\hotspot\src\share\vm\prims\jni.cpp, line 1613]
Event: 1107.326 Thread 0x000000001e50b800 Exception <a 'java/lang/NoSuchMethodError': <clinit>> (0x00000000e3141f78) thrown at [D:\re\workspace\8-2-build-windows-amd64-cygwin\jdk8u92\6642\hotspot\src\share\vm\prims\jni.cpp, line 1613]
Event: 1107.328 Thread 0x000000001e50b800 Exception <a 'java/lang/NoSuchMethodError': <clinit>> (0x00000000e370ced0) thrown at [D:\re\workspace\8-2-build-windows-amd64-cygwin\jdk8u92\6642\hotspot\src\share\vm\prims\jni.cpp, line 1613]
Event: 1108.425 Thread 0x0000000018f7e000 Exception <a 'java/io/IOException'> (0x00000000e53e5e10) thrown at [D:\re\workspace\8-2-build-windows-amd64-cygwin\jdk8u92\6642\hotspot\src\share\vm\prims\jni.cpp, line 709]
Event: 1108.441 Thread 0x0000000018f7e000 Exception <a 'java/io/IOException': CreateProcess error=1455, Le fichier de pagination est insuffisant pour terminer cette op√©ration> (0x00000000e543bd08) thrown at [D:\re\workspace\8-2-build-windows-amd64-cygwin\jdk8u92\6642\hotspot\src\share\vm\prims\jnÖ°ƒù…?ë@

Events (10 events):
Event: 1108.423 Executing VM operation: RevokeBias done
Event: 1108.423 Executing VM operation: RevokeBias
Event: 1108.423 Executing VM operation: RevokeBias done
Event: 1108.423 Thread 0x000000001d1ae000 Thread exited: 0x000000001d1ae000
Event: 1108.424 Thread 0x000000001d1af000 Thread exited: 0x000000001d1af000
Event: 1108.424 loading class com/android/builder/internal/aapt/v2/Aapt2DaemonImpl$AllowShutdown
Event: 1108.424 loading class com/android/builder/internal/aapt/v2/Aapt2DaemonImpl$AllowShutdown done
Event: 1108.438 Thread 0x0000000015d80800 flushing nmethod 0x00000000027d11d0
Event: 1108.496 Thread 0x000000001d1b1000 Thread added: 0x000000001d1b1000
Event: 1108.496 Thread 0x000000001d1af000 Thread added: 0x000000001d1af000


Dynamic libraries:
0x00007ff79b3e0000 - 0x00007ff79b417000 	C:\Program Files\Java\jdk1.8.0_92\bin\java.exe
0x00007ff85ac50000 - 0x00007ff85ae3d000 	C:\WINDOWS\SYSTEM32\ntdll.dll
0x00007ff85a070000 - 0x00007ff85a123000 	C:\WINDOWS\System32\KERNEL32.DLL
0x00007ff8570c0000 - 0x00007ff857353000 	C:\WINDOWS\System32\KERNELBASE.dll
0x00007ff859d90000 - 0x00007ff859e33000 	C:\WINDOWS\System32\ADVAPI32.dll
0x00007ff857e50000 - 0x00007ff857eee000 	C:\WINDOWS\System32\msvcrt.dll
0x00007ff85a130000 - 0x00007ff85a1ce000 	C:\WINDOWS\System32\sechost.dll
0x00007ff857ef0000 - 0x00007ff858012000 	C:\WINDOWS\System32\RPCRT4.dll
0x00007ff8580d0000 - 0x00007ff858267000 	C:\WINDOWS\System32\USER32.dll
0x00007ff856da0000 - 0x00007ff856dc0000 	C:\WINDOWS\System32\win32u.dll
0x00007ff8598d0000 - 0x00007ff8598f9000 	C:\WINDOWS\System32\GDI32.dll
0x00007ff856f20000 - 0x00007ff8570b9000 	C:\WINDOWS\System32\gdi32full.dll
0x00007ff857b00000 - 0x00007ff857ba0000 	C:\WINDOWS\System32\msvcp_win.dll
0x00007ff856e20000 - 0x00007ff856f1a000 	C:\WINDOWS\System32\ucrtbase.dll
0x00007ff845f10000 - 0x00007ff846189000 	C:\WINDOWS\WinSxS\amd64_microsoft.windows.common-controls_6595b64144ccf1df_6.0.17763.615_none_05b4414a072024d4\COMCTL32.dll
0x00007ff85a300000 - 0x00007ff85a62c000 	C:\WINDOWS\System32\combase.dll
0x00007ff857dd0000 - 0x00007ff857e4e000 	C:\WINDOWS\System32\bcryptPrimitives.dll
0x00007ff859ec0000 - 0x00007ff859eee000 	C:\WINDOWS\System32\IMM32.DLL
0x0000000062ca0000 - 0x0000000062d72000 	C:\Program Files\Java\jdk1.8.0_92\jre\bin\msvcr100.dll
0x0000000060bc0000 - 0x0000000061456000 	C:\Program Files\Java\jdk1.8.0_92\jre\bin\server\jvm.dll
0x00007ff85a630000 - 0x00007ff85a638000 	C:\WINDOWS\System32\PSAPI.DLL
0x00007ff853520000 - 0x00007ff853544000 	C:\WINDOWS\SYSTEM32\WINMM.dll
0x00007ff84c1e0000 - 0x00007ff84c1ea000 	C:\WINDOWS\SYSTEM32\VERSION.dll
0x00007ff8534f0000 - 0x00007ff85351d000 	C:\WINDOWS\SYSTEM32\winmmbase.dll
0x00007ff857ab0000 - 0x00007ff857afa000 	C:\WINDOWS\System32\cfgmgr32.dll
0x00007ff8557c0000 - 0x00007ff8557c9000 	C:\WINDOWS\SYSTEM32\WSOCK32.dll
0x00007ff859900000 - 0x00007ff85996d000 	C:\WINDOWS\System32\WS2_32.dll
0x0000000062c90000 - 0x0000000062c9f000 	C:\Program Files\Java\jdk1.8.0_92\jre\bin\verify.dll
0x0000000062c60000 - 0x0000000062c89000 	C:\Program Files\Java\jdk1.8.0_92\jre\bin\java.dll
0x0000000062c40000 - 0x0000000062c56000 	C:\Program Files\Java\jdk1.8.0_92\jre\bin\zip.dll
0x00007ff8582f0000 - 0x00007ff8597e0000 	C:\WINDOWS\System32\SHELL32.dll
0x00007ff858020000 - 0x00007ff8580c8000 	C:\WINDOWS\System32\shcore.dll
0x00007ff857360000 - 0x00007ff857aaa000 	C:\WINDOWS\System32\windows.storage.dll
0x00007ff856c20000 - 0x00007ff856c44000 	C:\WINDOWS\System32\profapi.dll
0x00007ff856c90000 - 0x00007ff856ced000 	C:\WINDOWS\System32\powrprof.dll
0x00007ff85a2a0000 - 0x00007ff85a2f2000 	C:\WINDOWS\System32\shlwapi.dll
0x00007ff856c70000 - 0x00007ff856c81000 	C:\WINDOWS\System32\kernel.appcore.dll
0x00007ff857db0000 - 0x00007ff857dc7000 	C:\WINDOWS\System32\cryptsp.dll
0x0000000062c20000 - 0x0000000062c3a000 	C:\Program Files\Java\jdk1.8.0_92\jre\bin\net.dll
0x00007ff856430000 - 0x00007ff856497000 	C:\WINDOWS\system32\mswsock.dll
0x0000000062c00000 - 0x0000000062c11000 	C:\Program Files\Java\jdk1.8.0_92\jre\bin\nio.dll
0x00007ff839eb0000 - 0x00007ff839ed6000 	C:\Users\jonat\.gradle\native\29\windows-amd64\native-platform.dll
0x0000000062bf0000 - 0x0000000062bfd000 	C:\Program Files\Java\jdk1.8.0_92\jre\bin\management.dll
0x00007ff855ff0000 - 0x00007ff856023000 	C:\WINDOWS\system32\rsaenh.dll
0x00007ff857d80000 - 0x00007ff857da6000 	C:\WINDOWS\System32\bcrypt.dll
0x00007ff856b20000 - 0x00007ff856b48000 	C:\WINDOWS\SYSTEM32\USERENV.dll
0x00007ff856600000 - 0x00007ff85660c000 	C:\WINDOWS\SYSTEM32\CRYPTBASE.dll
0x00007ff856190000 - 0x00007ff8561cd000 	C:\WINDOWS\SYSTEM32\IPHLPAPI.DLL
0x00007ff85a060000 - 0x00007ff85a068000 	C:\WINDOWS\System32\NSI.dll
0x00007ff84b720000 - 0x00007ff84b736000 	C:\WINDOWS\SYSTEM32\dhcpcsvc6.DLL
0x00007ff84b960000 - 0x00007ff84b97c000 	C:\WINDOWS\SYSTEM32\dhcpcsvc.DLL
0x00007ff8561d0000 - 0x00007ff856296000 	C:\WINDOWS\SYSTEM32\DNSAPI.dll
0x0000000060b90000 - 0x0000000060bb4000 	C:\Program Files\Java\jdk1.8.0_92\jre\bin\sunec.dll
0x00007ff845750000 - 0x00007ff84575a000 	C:\Windows\System32\rasadhlp.dll
0x00007ff846810000 - 0x00007ff846889000 	C:\WINDOWS\System32\fwpuclnt.dll
0x0000000062be0000 - 0x0000000062beb000 	C:\Program Files\Java\jdk1.8.0_92\jre\bin\sunmscapi.dll
0x00007ff857ba0000 - 0x00007ff857d7b000 	C:\WINDOWS\System32\CRYPT32.dll
0x00007ff856c50000 - 0x00007ff856c62000 	C:\WINDOWS\System32\MSASN1.dll
0x00007ff843d70000 - 0x00007ff843d86000 	C:\WINDOWS\system32\napinsp.dll
0x00007ff837aa0000 - 0x00007ff837aba000 	C:\WINDOWS\system32\pnrpnsp.dll
0x00007ff843a90000 - 0x00007ff843a9e000 	C:\WINDOWS\System32\winrnr.dll
0x00007ff852dc0000 - 0x00007ff852ddb000 	C:\WINDOWS\system32\NLAapi.dll
0x00007ff82f1b0000 - 0x00007ff82f1c5000 	C:\WINDOWS\system32\wshbth.dll
0x00007ff854bd0000 - 0x00007ff854c5c000 	C:\WINDOWS\system32\apphelp.dll
0x00007ff8555b0000 - 0x00007ff85579d000 	C:\WINDOWS\SYSTEM32\dbghelp.dll

VM Arguments:
jvm_args: -Xmx1536m -Dfile.encoding=windows-1252 -Duser.country=FR -Duser.language=fr -Duser.variant 
java_command: org.gradle.launcher.daemon.bootstrap.GradleDaemon 5.4.1
java_class_path (initial): C:\Users\jonat\.gradle\wrapper\dists\gradle-5.4.1-all\3221gyojl5jsh0helicew7rwx\gradle-5.4.1\lib\gradle-launcher-5.4.1.jar
Launcher Type: SUN_STANDARD

Environment Variables:
JAVA_HOME=C:\Program Files\Java\jdk1.8.0_92
PATH=C:\Program Files (x86)\Common Files\Intel\Shared Libraries\redist\intel64\compiler;C:\Program Files (x86)\Intel\iCLS Client\;C:\Program Files\Intel\iCLS Client\;C:\PROGRAM FILES\DELL\DW WLAN CARD;C:\WINDOWS\SYSTEM32;C:\WINDOWS;C:\WINDOWS\SYSTEM32\WBEM;C:\WINDOWS\SYSTEM32\WINDOWSPOWERSHELL\V1.0\;C:\PROGRAM FILES\GIT\CMD;C:\PROGRAM FILES (X86)\INTEL\SERVICES\IPT\;C:\USERS\JONAT\APPDATA\LOCAL\ANDROID\SDK\PLATFORM-TOOLS;C:\PROGRAM FILES\TORTOISESVN\BIN;C:\PROGRAM FILES (X86)\GNUWIN32\BIN;C:\PROGRAM FILES\JAVA\JRE7\BIN;C:\Program Files\WIDCOMM\Bluetooth Software\;C:\Program Files\WIDCOMM\Bluetooth Software\syswow64;C:\Program Files (x86)\Skype\Phone\;C:\Program Files\Microsoft SQL Server\130\Tools\Binn\;C:\Program Files\dotnet\;C:\Program Files\TortoiseGit\bin;C:\WINDOWS\system32;C:\WINDOWS;C:\WINDOWS\System32\Wbem;C:\WINDOWS\System32\WindowsPowerShell\v1.0\;C:\Program Files (x86)\EasyPHP-Devserver-17\eds-binaries\php\php713vc14x86x170905113610\;C:\ProgramData\ComposerSetup\bin;C:\Program Files\Git\cmd;C:\Program Files\nodejs\;C:\Program Files (x86)\Intel\Intel(R) Management Engine Components\DAL;C:\Program Files\Intel\Intel(R) Management Engine Components\DAL;C:\Program Files (x86)\Intel\Intel(R) Management Engine Components\IPT;C:\Program Files\Intel\Intel(R) Management Engine Components\IPT;C:\WINDOWS\System32\OpenSSH\;C:\Program Files\Microsoft VS Code\bin;C:\Program Files\Intel\WiFi\bin\;C:\Program Files\Common Files\Intel\WirelessCommon\;C:\Users\jonat\AppData\Local\Programs\Python\Python37\Scripts\;C:\Users\jonat\AppData\Local\Programs\Python\Python37\;C:\Users\jonat\AppData\Local\Microsoft\WindowsApps;C:\Users\jonat\AppData\Roaming\Composer\vendor\bin;C:\Program Files\Heroku\bin;C:\Users\jonat\AppData\Roaming\npm;C:\Program Files\Microsoft VS Code\bin;C:\Program Files\Intel\WiFi\bin\;C:\Program Files\Common Files\Intel\WirelessCommon\;C:\Program Files (x86)\EasyPHP-Devserver-17\eds-binaries\php\php713vc14x86x181105143937;
USERNAME=jonat
OS=Windows_NT
PROCESSOR_IDENTIFIER=Intel64 Family 6 Model 78 Stepping 3, GenuineIntel



---------------  S Y S T E M  ---------------

OS: Windows 10.0 , 64 bit Build 17763 (10.0.17763.475)

CPU:total 4 (2 cores per cpu, 2 threads per core) family 6 model 78 stepping 3, cmov, cx8, fxsr, mmx, sse, sse2, sse3, ssse3, sse4.1, sse4.2, popcnt, avx, avx2, aes, clmul, erms, 3dnowpref, lzcnt, ht, tsc, tscinvbit, bmi1, bmi2, adx

Memory: 4k page, physical 16645520k(5267752k free), swap 19642768k(112k free)

vm_info: Java HotSpot(TM) 64-Bit Server VM (25.92-b14) for windows-amd64 JRE (1.8.0_92-b14), built on Mar 31 2016 21:03:04 by "java_re" with MS VC++ 10.0 (VS2010)

time: Sun Sep 22 12:57:05 2019
elapsed time: 1108 seconds (0d 0h 18m 28s)

